# JRE version: OpenJDK Runtime Environment Temurin-17.0.10+7 (17.0.10+7) (build 17.0.10+7)
# Java VM: OpenJDK 64-Bit Server VM Temurin-17.0.10+7 (17.0.10+7, mixed mode, tiered, compressed oops, compressed class ptrs, parallel gc, windows-amd64)
GC Precious Log:
 CPUs: 16 total, 16 available
 Memory: 15789M
 Large Page Support: Disabled
 NUMA Support: Disabled
 Compressed Oops: Enabled (32-bit)
 Alignments: Space 512K, Generation 512K, Heap 2M
 Heap Min Capacity: 100M
 Heap Initial Capacity: 100M
 Heap Max Capacity: 1G
 Pre-touch: Disabled
 Parallel Workers: 13
Heap:
 PSYoungGen      total 22528K, used 9908K [0x00000000eab00000, 0x00000000ec680000, 0x0000000100000000)
  eden space 20480K, 40% used [0x00000000eab00000,0x00000000eb308cc8,0x00000000ebf00000)
  from space 2048K, 82% used [0x00000000ec480000,0x00000000ec6245e8,0x00000000ec680000)
  to   space 2048K, 0% used [0x00000000ec280000,0x00000000ec280000,0x00000000ec480000)
 ParOldGen       total 68608K, used 50557K [0x00000000c0000000, 0x00000000c4300000, 0x00000000eab00000)
  object space 68608K, 73% used [0x00000000c0000000,0x00000000c315f6a8,0x00000000c4300000)
 Metaspace       used 67141K, committed 68224K, reserved 1114112K
  class space    used 7786K, committed 8256K, reserved 1048576K
GC Heap History (20 events):
Event: 8.927 GC heap before
{Heap before GC invocations=26 (full 2):
 PSYoungGen      total 23040K, used 23008K [0x00000000eab00000, 0x00000000ec500000, 0x0000000100000000)
  eden space 20480K, 100% used [0x00000000eab00000,0x00000000ebf00000,0x00000000ebf00000)
  from space 2560K, 98% used [0x00000000ebf00000,0x00000000ec178010,0x00000000ec180000)
  to   space 3072K, 0% used [0x00000000ec200000,0x00000000ec200000,0x00000000ec500000)
 ParOldGen       total 68608K, used 31837K [0x00000000c0000000, 0x00000000c4300000, 0x00000000eab00000)
  object space 68608K, 46% used [0x00000000c0000000,0x00000000c1f17468,0x00000000c4300000)
 Metaspace       used 57918K, committed 58944K, reserved 1114112K
  class space    used 6304K, committed 6720K, reserved 1048576K
}
Event: 8.929 GC heap after
{Heap after GC invocations=26 (full 2):
 PSYoungGen      total 23040K, used 2264K [0x00000000eab00000, 0x00000000ec480000, 0x0000000100000000)
  eden space 20480K, 0% used [0x00000000eab00000,0x00000000eab00000,0x00000000ebf00000)
  from space 2560K, 88% used [0x00000000ec200000,0x00000000ec436200,0x00000000ec480000)
  to   space 2560K, 0% used [0x00000000ebf00000,0x00000000ebf00000,0x00000000ec180000)
 ParOldGen       total 68608K, used 34205K [0x00000000c0000000, 0x00000000c4300000, 0x00000000eab00000)
  object space 68608K, 49% used [0x00000000c0000000,0x00000000c2167478,0x00000000c4300000)
 Metaspace       used 57918K, committed 58944K, reserved 1114112K
  class space    used 6304K, committed 6720K, reserved 1048576K
}
Event: 9.879 GC heap before
{Heap before GC invocations=27 (full 2):
 PSYoungGen      total 23040K, used 22744K [0x00000000eab00000, 0x00000000ec480000, 0x0000000100000000)
  eden space 20480K, 100% used [0x00000000eab00000,0x00000000ebf00000,0x00000000ebf00000)
  from space 2560K, 88% used [0x00000000ec200000,0x00000000ec436200,0x00000000ec480000)
  to   space 2560K, 0% used [0x00000000ebf00000,0x00000000ebf00000,0x00000000ec180000)
 ParOldGen       total 68608K, used 34205K [0x00000000c0000000, 0x00000000c4300000, 0x00000000eab00000)
  object space 68608K, 49% used [0x00000000c0000000,0x00000000c2167478,0x00000000c4300000)
 Metaspace       used 58398K, committed 59328K, reserved 1114112K
  class space    used 6348K, committed 6720K, reserved 1048576K
}
Event: 9.883 GC heap after
{Heap after GC invocations=27 (full 2):
 PSYoungGen      total 23040K, used 2548K [0x00000000eab00000, 0x00000000eca00000, 0x0000000100000000)
  eden space 20480K, 0% used [0x00000000eab00000,0x00000000eab00000,0x00000000ebf00000)
  from space 2560K, 99% used [0x00000000ebf00000,0x00000000ec17d010,0x00000000ec180000)
  to   space 5632K, 0% used [0x00000000ec480000,0x00000000ec480000,0x00000000eca00000)
 ParOldGen       total 68608K, used 36777K [0x00000000c0000000, 0x00000000c4300000, 0x00000000eab00000)
  object space 68608K, 53% used [0x00000000c0000000,0x00000000c23ea7d0,0x00000000c4300000)
 Metaspace       used 58398K, committed 59328K, reserved 1114112K
  class space    used 6348K, committed 6720K, reserved 1048576K
}
Event: 10.300 GC heap before
{Heap before GC invocations=28 (full 2):
 PSYoungGen      total 23040K, used 11729K [0x00000000eab00000, 0x00000000eca00000, 0x0000000100000000)
  eden space 20480K, 44% used [0x00000000eab00000,0x00000000eb3f77e0,0x00000000ebf00000)
  from space 2560K, 99% used [0x00000000ebf00000,0x00000000ec17d010,0x00000000ec180000)
  to   space 5632K, 0% used [0x00000000ec480000,0x00000000ec480000,0x00000000eca00000)
 ParOldGen       total 68608K, used 36777K [0x00000000c0000000, 0x00000000c4300000, 0x00000000eab00000)
  object space 68608K, 53% used [0x00000000c0000000,0x00000000c23ea7d0,0x00000000c4300000)
 Metaspace       used 58800K, committed 59776K, reserved 1114112K
  class space    used 6423K, committed 6912K, reserved 1048576K
}
Event: 10.302 GC heap after
{Heap after GC invocations=28 (full 2):
 PSYoungGen      total 20992K, used 448K [0x00000000eab00000, 0x00000000ec500000, 0x0000000100000000)
  eden space 20480K, 0% used [0x00000000eab00000,0x00000000eab00000,0x00000000ebf00000)
  from space 512K, 87% used [0x00000000ec480000,0x00000000ec4f0000,0x00000000ec500000)
  to   space 2560K, 0% used [0x00000000ec000000,0x00000000ec000000,0x00000000ec280000)
 ParOldGen       total 68608K, used 39378K [0x00000000c0000000, 0x00000000c4300000, 0x00000000eab00000)
  object space 68608K, 57% used [0x00000000c0000000,0x00000000c26748c0,0x00000000c4300000)
 Metaspace       used 58800K, committed 59776K, reserved 1114112K
  class space    used 6423K, committed 6912K, reserved 1048576K
}
Event: 10.302 GC heap before
{Heap before GC invocations=29 (full 3):
 PSYoungGen      total 20992K, used 448K [0x00000000eab00000, 0x00000000ec500000, 0x0000000100000000)
  eden space 20480K, 0% used [0x00000000eab00000,0x00000000eab00000,0x00000000ebf00000)
  from space 512K, 87% used [0x00000000ec480000,0x00000000ec4f0000,0x00000000ec500000)
  to   space 2560K, 0% used [0x00000000ec000000,0x00000000ec000000,0x00000000ec280000)
 ParOldGen       total 68608K, used 39378K [0x00000000c0000000, 0x00000000c4300000, 0x00000000eab00000)
  object space 68608K, 57% used [0x00000000c0000000,0x00000000c26748c0,0x00000000c4300000)
 Metaspace       used 58800K, committed 59776K, reserved 1114112K
  class space    used 6423K, committed 6912K, reserved 1048576K
}
Event: 10.350 GC heap after
{Heap after GC invocations=29 (full 3):
 PSYoungGen      total 20992K, used 0K [0x00000000eab00000, 0x00000000ec500000, 0x0000000100000000)
  eden space 20480K, 0% used [0x00000000eab00000,0x00000000eab00000,0x00000000ebf00000)
  from space 512K, 0% used [0x00000000ec480000,0x00000000ec480000,0x00000000ec500000)
  to   space 2560K, 0% used [0x00000000ec000000,0x00000000ec000000,0x00000000ec280000)
 ParOldGen       total 68608K, used 37262K [0x00000000c0000000, 0x00000000c4300000, 0x00000000eab00000)
  object space 68608K, 54% used [0x00000000c0000000,0x00000000c24639d0,0x00000000c4300000)
 Metaspace       used 58800K, committed 59776K, reserved 1114112K
  class space    used 6423K, committed 6912K, reserved 1048576K
}
Event: 10.729 GC heap before
{Heap before GC invocations=30 (full 3):
 PSYoungGen      total 20992K, used 20480K [0x00000000eab00000, 0x00000000ec500000, 0x0000000100000000)
  eden space 20480K, 100% used [0x00000000eab00000,0x00000000ebf00000,0x00000000ebf00000)
  from space 512K, 0% used [0x00000000ec480000,0x00000000ec480000,0x00000000ec500000)
  to   space 2560K, 0% used [0x00000000ec000000,0x00000000ec000000,0x00000000ec280000)
 ParOldGen       total 68608K, used 37262K [0x00000000c0000000, 0x00000000c4300000, 0x00000000eab00000)
  object space 68608K, 54% used [0x00000000c0000000,0x00000000c24639d0,0x00000000c4300000)
 Metaspace       used 60034K, committed 61056K, reserved 1114112K
  class space    used 6631K, committed 7104K, reserved 1048576K
}
Event: 10.731 GC heap after
{Heap after GC invocations=30 (full 3):
 PSYoungGen      total 23040K, used 2549K [0x00000000eab00000, 0x00000000ed100000, 0x0000000100000000)
  eden space 20480K, 0% used [0x00000000eab00000,0x00000000eab00000,0x00000000ebf00000)
  from space 2560K, 99% used [0x00000000ec000000,0x00000000ec27d438,0x00000000ec280000)
  to   space 9216K, 0% used [0x00000000ec800000,0x00000000ec800000,0x00000000ed100000)
 ParOldGen       total 68608K, used 42345K [0x00000000c0000000, 0x00000000c4300000, 0x00000000eab00000)
  object space 68608K, 61% used [0x00000000c0000000,0x00000000c295a4d8,0x00000000c4300000)
 Metaspace       used 60034K, committed 61056K, reserved 1114112K
  class space    used 6631K, committed 7104K, reserved 1048576K
}
Event: 11.254 GC heap before
{Heap before GC invocations=31 (full 3):
 PSYoungGen      total 23040K, used 23029K [0x00000000eab00000, 0x00000000ed100000, 0x0000000100000000)
  eden space 20480K, 100% used [0x00000000eab00000,0x00000000ebf00000,0x00000000ebf00000)
  from space 2560K, 99% used [0x00000000ec000000,0x00000000ec27d438,0x00000000ec280000)
  to   space 9216K, 0% used [0x00000000ec800000,0x00000000ec800000,0x00000000ed100000)
 ParOldGen       total 68608K, used 42345K [0x00000000c0000000, 0x00000000c4300000, 0x00000000eab00000)
  object space 68608K, 61% used [0x00000000c0000000,0x00000000c295a4d8,0x00000000c4300000)
 Metaspace       used 61648K, committed 62720K, reserved 1114112K
  class space    used 6907K, committed 7360K, reserved 1048576K
}
Event: 11.255 GC heap after
{Heap after GC invocations=31 (full 3):
 PSYoungGen      total 21504K, used 800K [0x00000000eab00000, 0x00000000ec900000, 0x0000000100000000)
  eden space 20480K, 0% used [0x00000000eab00000,0x00000000eab00000,0x00000000ebf00000)
  from space 1024K, 78% used [0x00000000ec800000,0x00000000ec8c8000,0x00000000ec900000)
  to   space 3584K, 0% used [0x00000000ec200000,0x00000000ec200000,0x00000000ec580000)
 ParOldGen       total 68608K, used 44848K [0x00000000c0000000, 0x00000000c4300000, 0x00000000eab00000)
  object space 68608K, 65% used [0x00000000c0000000,0x00000000c2bcc270,0x00000000c4300000)
 Metaspace       used 61648K, committed 62720K, reserved 1114112K
  class space    used 6907K, committed 7360K, reserved 1048576K
}
Event: 11.608 GC heap before
{Heap before GC invocations=32 (full 3):
 PSYoungGen      total 21504K, used 21117K [0x00000000eab00000, 0x00000000ec900000, 0x0000000100000000)
  eden space 20480K, 99% used [0x00000000eab00000,0x00000000ebed7540,0x00000000ebf00000)
  from space 1024K, 78% used [0x00000000ec800000,0x00000000ec8c8000,0x00000000ec900000)
  to   space 3584K, 0% used [0x00000000ec200000,0x00000000ec200000,0x00000000ec580000)
 ParOldGen       total 68608K, used 44848K [0x00000000c0000000, 0x00000000c4300000, 0x00000000eab00000)
  object space 68608K, 65% used [0x00000000c0000000,0x00000000c2bcc270,0x00000000c4300000)
 Metaspace       used 61668K, committed 62720K, reserved 1114112K
  class space    used 6907K, committed 7360K, reserved 1048576K
}
Event: 11.610 GC heap after
{Heap after GC invocations=32 (full 3):
 PSYoungGen      total 24064K, used 1400K [0x00000000eab00000, 0x00000000ec880000, 0x0000000100000000)
  eden space 20480K, 0% used [0x00000000eab00000,0x00000000eab00000,0x00000000ebf00000)
  from space 3584K, 39% used [0x00000000ec200000,0x00000000ec35e348,0x00000000ec580000)
  to   space 2048K, 0% used [0x00000000ec680000,0x00000000ec680000,0x00000000ec880000)
 ParOldGen       total 68608K, used 45481K [0x00000000c0000000, 0x00000000c4300000, 0x00000000eab00000)
  object space 68608K, 66% used [0x00000000c0000000,0x00000000c2c6a620,0x00000000c4300000)
 Metaspace       used 61668K, committed 62720K, reserved 1114112K
  class space    used 6907K, committed 7360K, reserved 1048576K
}
Event: 12.015 GC heap before
{Heap before GC invocations=33 (full 3):
 PSYoungGen      total 24064K, used 21880K [0x00000000eab00000, 0x00000000ec880000, 0x0000000100000000)
  eden space 20480K, 100% used [0x00000000eab00000,0x00000000ebf00000,0x00000000ebf00000)
  from space 3584K, 39% used [0x00000000ec200000,0x00000000ec35e348,0x00000000ec580000)
  to   space 2048K, 0% used [0x00000000ec680000,0x00000000ec680000,0x00000000ec880000)
 ParOldGen       total 68608K, used 45481K [0x00000000c0000000, 0x00000000c4300000, 0x00000000eab00000)
  object space 68608K, 66% used [0x00000000c0000000,0x00000000c2c6a620,0x00000000c4300000)
 Metaspace       used 62575K, committed 63616K, reserved 1114112K
  class space    used 7093K, committed 7552K, reserved 1048576K
}
Event: 12.018 GC heap after
{Heap after GC invocations=33 (full 3):
 PSYoungGen      total 22528K, used 2047K [0x00000000eab00000, 0x00000000eca00000, 0x0000000100000000)
  eden space 20480K, 0% used [0x00000000eab00000,0x00000000eab00000,0x00000000ebf00000)
  from space 2048K, 99% used [0x00000000ec680000,0x00000000ec87fc68,0x00000000ec880000)
  to   space 5632K, 0% used [0x00000000ebf00000,0x00000000ebf00000,0x00000000ec480000)
 ParOldGen       total 68608K, used 48086K [0x00000000c0000000, 0x00000000c4300000, 0x00000000eab00000)
  object space 68608K, 70% used [0x00000000c0000000,0x00000000c2ef5920,0x00000000c4300000)
 Metaspace       used 62575K, committed 63616K, reserved 1114112K
  class space    used 7093K, committed 7552K, reserved 1048576K
}
Event: 12.433 GC heap before
{Heap before GC invocations=34 (full 3):
 PSYoungGen      total 22528K, used 22527K [0x00000000eab00000, 0x00000000eca00000, 0x0000000100000000)
  eden space 20480K, 100% used [0x00000000eab00000,0x00000000ebf00000,0x00000000ebf00000)
  from space 2048K, 99% used [0x00000000ec680000,0x00000000ec87fc68,0x00000000ec880000)
  to   space 5632K, 0% used [0x00000000ebf00000,0x00000000ebf00000,0x00000000ec480000)
 ParOldGen       total 68608K, used 48086K [0x00000000c0000000, 0x00000000c4300000, 0x00000000eab00000)
  object space 68608K, 70% used [0x00000000c0000000,0x00000000c2ef5920,0x00000000c4300000)
 Metaspace       used 64667K, committed 65728K, reserved 1114112K
  class space    used 7475K, committed 7936K, reserved 1048576K
}
Event: 12.435 GC heap after
{Heap after GC invocations=34 (full 3):
 PSYoungGen      total 26112K, used 736K [0x00000000eab00000, 0x00000000ec700000, 0x0000000100000000)
  eden space 20480K, 0% used [0x00000000eab00000,0x00000000eab00000,0x00000000ebf00000)
  from space 5632K, 13% used [0x00000000ebf00000,0x00000000ebfb8000,0x00000000ec480000)
  to   space 2560K, 0% used [0x00000000ec480000,0x00000000ec480000,0x00000000ec700000)
 ParOldGen       total 68608K, used 50013K [0x00000000c0000000, 0x00000000c4300000, 0x00000000eab00000)
  object space 68608K, 72% used [0x00000000c0000000,0x00000000c30d7698,0x00000000c4300000)
 Metaspace       used 64667K, committed 65728K, reserved 1114112K
  class space    used 7475K, committed 7936K, reserved 1048576K
}
Event: 15.024 GC heap before
{Heap before GC invocations=35 (full 3):
 PSYoungGen      total 26112K, used 21216K [0x00000000eab00000, 0x00000000ec700000, 0x0000000100000000)
  eden space 20480K, 100% used [0x00000000eab00000,0x00000000ebf00000,0x00000000ebf00000)
  from space 5632K, 13% used [0x00000000ebf00000,0x00000000ebfb8000,0x00000000ec480000)
  to   space 2560K, 0% used [0x00000000ec480000,0x00000000ec480000,0x00000000ec700000)
 ParOldGen       total 68608K, used 50013K [0x00000000c0000000, 0x00000000c4300000, 0x00000000eab00000)
  object space 68608K, 72% used [0x00000000c0000000,0x00000000c30d7698,0x00000000c4300000)
 Metaspace       used 66557K, committed 67584K, reserved 1114112K
  class space    used 7713K, committed 8192K, reserved 1048576K
}
Event: 15.027 GC heap after
{Heap after GC invocations=35 (full 3):
 PSYoungGen      total 22528K, used 1681K [0x00000000eab00000, 0x00000000ec680000, 0x0000000100000000)
  eden space 20480K, 0% used [0x00000000eab00000,0x00000000eab00000,0x00000000ebf00000)
  from space 2048K, 82% used [0x00000000ec480000,0x00000000ec6245e8,0x00000000ec680000)
  to   space 2048K, 0% used [0x00000000ec280000,0x00000000ec280000,0x00000000ec480000)
 ParOldGen       total 68608K, used 50557K [0x00000000c0000000, 0x00000000c4300000, 0x00000000eab00000)
  object space 68608K, 73% used [0x00000000c0000000,0x00000000c315f6a8,0x00000000c4300000)
 Metaspace       used 66557K, committed 67584K, reserved 1114112K
  class space    used 7713K, committed 8192K, reserved 1048576K
}

